[0m12:19:29.929662 [debug] [MainThread]: Sending event: {'category': 'dbt', 'action': 'invocation', 'label': 'start', 'context': [<snowplow_tracker.self_describing_json.SelfDescribingJson object at 0x00000197EDD3A090>, <snowplow_tracker.self_describing_json.SelfDescribingJson object at 0x00000197EDD38E60>, <snowplow_tracker.self_describing_json.SelfDescribingJson object at 0x00000197EDD3BA70>]}


============================== 12:19:29.938007 | 4a2b474b-2699-4487-9d1c-35cee89b6f47 ==============================
[0m12:19:29.938007 [info ] [MainThread]: Running with dbt=1.7.19
[0m12:19:29.940489 [debug] [MainThread]: running dbt with arguments {'printer_width': '80', 'indirect_selection': 'eager', 'write_json': 'True', 'log_cache_events': 'False', 'partial_parse': 'True', 'cache_selected_only': 'False', 'warn_error': 'None', 'fail_fast': 'False', 'version_check': 'True', 'log_path': 'logs', 'debug': 'False', 'profiles_dir': 'C:\\Users\\user\\.dbt', 'use_colors': 'True', 'use_experimental_parser': 'False', 'no_print': 'None', 'quiet': 'False', 'log_format': 'default', 'static_parser': 'True', 'introspect': 'True', 'invocation_command': 'dbt init new_project', 'target_path': 'None', 'warn_error_options': 'WarnErrorOptions(include=[], exclude=[])', 'send_anonymous_usage_stats': 'True'}
[0m12:19:29.943019 [debug] [MainThread]: Starter project path: C:\Users\user\Documents\git_mccann_instruction\git_mccan\venv\Lib\site-packages\dbt\include\starter_project
[0m12:19:29.982000 [info ] [MainThread]: 
Your new dbt project "new_project" was created!

For more information on how to configure the profiles.yml file,
please consult the dbt documentation here:

  https://docs.getdbt.com/docs/configure-your-profile

One more thing:

Need help? Don't hesitate to reach out to us via GitHub issues or on Slack:

  https://community.getdbt.com/

Happy modeling!

[0m12:19:29.984047 [info ] [MainThread]: Setting up your profile.
[0m12:24:47.751926 [error] [MainThread]: Encountered an error:

[0m12:24:47.758919 [error] [MainThread]: Traceback (most recent call last):
  File "C:\Users\user\Documents\git_mccann_instruction\git_mccan\venv\Lib\site-packages\dbt\cli\requires.py", line 91, in wrapper
    result, success = func(*args, **kwargs)
                      ^^^^^^^^^^^^^^^^^^^^^
  File "C:\Users\user\Documents\git_mccann_instruction\git_mccan\venv\Lib\site-packages\dbt\cli\requires.py", line 76, in wrapper
    return func(*args, **kwargs)
           ^^^^^^^^^^^^^^^^^^^^^
  File "C:\Users\user\Documents\git_mccann_instruction\git_mccan\venv\Lib\site-packages\dbt\cli\main.py", line 516, in init
    results = task.run()
              ^^^^^^^^^^
  File "C:\Users\user\Documents\git_mccann_instruction\git_mccan\venv\Lib\site-packages\dbt\task\init.py", line 344, in run
    self.setup_profile(profile_name)
  File "C:\Users\user\Documents\git_mccann_instruction\git_mccan\venv\Lib\site-packages\dbt\task\init.py", line 264, in setup_profile
    self.create_profile_from_target(adapter, profile_name=profile_name)
  File "C:\Users\user\Documents\git_mccann_instruction\git_mccan\venv\Lib\site-packages\dbt\task\init.py", line 181, in create_profile_from_target
    self.create_profile_from_profile_template(profile_template, profile_name)
  File "C:\Users\user\Documents\git_mccann_instruction\git_mccan\venv\Lib\site-packages\dbt\task\init.py", line 165, in create_profile_from_profile_template
    target = self.generate_target_from_input(prompts, initial_target)
             ^^^^^^^^^^^^^^^^^^^^^^^^^^^^^^^^^^^^^^^^^^^^^^^^^^^^^^^^
  File "C:\Users\user\Documents\git_mccann_instruction\git_mccan\venv\Lib\site-packages\dbt\task\init.py", line 115, in generate_target_from_input
    numeric_choice = click.prompt(prompt_msg, type=click.INT)
                     ^^^^^^^^^^^^^^^^^^^^^^^^^^^^^^^^^^^^^^^^
  File "C:\Users\user\Documents\git_mccann_instruction\git_mccan\venv\Lib\site-packages\click\termui.py", line 218, in prompt
    value = prompt_func(prompt)
            ^^^^^^^^^^^^^^^^^^^
  File "C:\Users\user\Documents\git_mccann_instruction\git_mccan\venv\Lib\site-packages\click\termui.py", line 201, in prompt_func
    raise Abort() from None
click.exceptions.Abort

[0m12:24:47.762413 [debug] [MainThread]: Command `dbt init` failed at 12:24:47.761906 after 318.19 seconds
[0m12:24:47.763486 [debug] [MainThread]: Sending event: {'category': 'dbt', 'action': 'invocation', 'label': 'end', 'context': [<snowplow_tracker.self_describing_json.SelfDescribingJson object at 0x00000197EDD38E60>, <snowplow_tracker.self_describing_json.SelfDescribingJson object at 0x00000197EFCEC740>, <snowplow_tracker.self_describing_json.SelfDescribingJson object at 0x00000197EDFE14C0>]}
[0m12:24:47.764488 [debug] [MainThread]: Flushing usage events
[0m12:25:13.420750 [debug] [MainThread]: Sending event: {'category': 'dbt', 'action': 'invocation', 'label': 'start', 'context': [<snowplow_tracker.self_describing_json.SelfDescribingJson object at 0x0000021D04039070>, <snowplow_tracker.self_describing_json.SelfDescribingJson object at 0x0000021D04038FE0>, <snowplow_tracker.self_describing_json.SelfDescribingJson object at 0x0000021D04038EC0>]}


============================== 12:25:13.428964 | d2198285-564e-4689-91e6-403d67506f88 ==============================
[0m12:25:13.428964 [info ] [MainThread]: Running with dbt=1.7.19
[0m12:25:13.430458 [debug] [MainThread]: running dbt with arguments {'printer_width': '80', 'indirect_selection': 'eager', 'write_json': 'True', 'log_cache_events': 'False', 'partial_parse': 'True', 'cache_selected_only': 'False', 'profiles_dir': 'C:\\Users\\user\\.dbt', 'debug': 'False', 'warn_error': 'None', 'log_path': 'logs', 'version_check': 'True', 'fail_fast': 'False', 'use_colors': 'True', 'use_experimental_parser': 'False', 'no_print': 'None', 'quiet': 'False', 'warn_error_options': 'WarnErrorOptions(include=[], exclude=[])', 'invocation_command': 'dbt init new_project', 'introspect': 'True', 'log_format': 'default', 'target_path': 'None', 'static_parser': 'True', 'send_anonymous_usage_stats': 'True'}
[0m12:25:13.432498 [debug] [MainThread]: Starter project path: C:\Users\user\Documents\git_mccann_instruction\git_mccan\venv\Lib\site-packages\dbt\include\starter_project
[0m12:25:13.468930 [info ] [MainThread]: 
Your new dbt project "new_project" was created!

For more information on how to configure the profiles.yml file,
please consult the dbt documentation here:

  https://docs.getdbt.com/docs/configure-your-profile

One more thing:

Need help? Don't hesitate to reach out to us via GitHub issues or on Slack:

  https://community.getdbt.com/

Happy modeling!

[0m12:25:13.469979 [info ] [MainThread]: Setting up your profile.
[0m12:28:24.744345 [error] [MainThread]: Encountered an error:

[0m12:28:24.751264 [error] [MainThread]: Traceback (most recent call last):
  File "C:\Users\user\Documents\git_mccann_instruction\git_mccan\venv\Lib\site-packages\dbt\cli\requires.py", line 91, in wrapper
    result, success = func(*args, **kwargs)
                      ^^^^^^^^^^^^^^^^^^^^^
  File "C:\Users\user\Documents\git_mccann_instruction\git_mccan\venv\Lib\site-packages\dbt\cli\requires.py", line 76, in wrapper
    return func(*args, **kwargs)
           ^^^^^^^^^^^^^^^^^^^^^
  File "C:\Users\user\Documents\git_mccann_instruction\git_mccan\venv\Lib\site-packages\dbt\cli\main.py", line 516, in init
    results = task.run()
              ^^^^^^^^^^
  File "C:\Users\user\Documents\git_mccann_instruction\git_mccan\venv\Lib\site-packages\dbt\task\init.py", line 344, in run
    self.setup_profile(profile_name)
  File "C:\Users\user\Documents\git_mccann_instruction\git_mccan\venv\Lib\site-packages\dbt\task\init.py", line 264, in setup_profile
    self.create_profile_from_target(adapter, profile_name=profile_name)
  File "C:\Users\user\Documents\git_mccann_instruction\git_mccan\venv\Lib\site-packages\dbt\task\init.py", line 181, in create_profile_from_target
    self.create_profile_from_profile_template(profile_template, profile_name)
  File "C:\Users\user\Documents\git_mccann_instruction\git_mccan\venv\Lib\site-packages\dbt\task\init.py", line 165, in create_profile_from_profile_template
    target = self.generate_target_from_input(prompts, initial_target)
             ^^^^^^^^^^^^^^^^^^^^^^^^^^^^^^^^^^^^^^^^^^^^^^^^^^^^^^^^
  File "C:\Users\user\Documents\git_mccann_instruction\git_mccan\venv\Lib\site-packages\dbt\task\init.py", line 115, in generate_target_from_input
    numeric_choice = click.prompt(prompt_msg, type=click.INT)
                     ^^^^^^^^^^^^^^^^^^^^^^^^^^^^^^^^^^^^^^^^
  File "C:\Users\user\Documents\git_mccann_instruction\git_mccan\venv\Lib\site-packages\click\termui.py", line 218, in prompt
    value = prompt_func(prompt)
            ^^^^^^^^^^^^^^^^^^^
  File "C:\Users\user\Documents\git_mccann_instruction\git_mccan\venv\Lib\site-packages\click\termui.py", line 201, in prompt_func
    raise Abort() from None
click.exceptions.Abort

[0m12:28:24.755768 [debug] [MainThread]: Command `dbt init` failed at 12:28:24.754771 after 191.56 seconds
[0m12:28:24.757277 [debug] [MainThread]: Sending event: {'category': 'dbt', 'action': 'invocation', 'label': 'end', 'context': [<snowplow_tracker.self_describing_json.SelfDescribingJson object at 0x0000021D04038BF0>, <snowplow_tracker.self_describing_json.SelfDescribingJson object at 0x0000021D05E13590>, <snowplow_tracker.self_describing_json.SelfDescribingJson object at 0x0000021D05EE1100>]}
[0m12:28:24.759279 [debug] [MainThread]: Flushing usage events
[0m12:28:52.333830 [debug] [MainThread]: Sending event: {'category': 'dbt', 'action': 'invocation', 'label': 'start', 'context': [<snowplow_tracker.self_describing_json.SelfDescribingJson object at 0x0000026105857890>, <snowplow_tracker.self_describing_json.SelfDescribingJson object at 0x0000026105B28F50>, <snowplow_tracker.self_describing_json.SelfDescribingJson object at 0x0000026105B29190>]}


============================== 12:28:52.342514 | 3b88c03e-2cac-4b52-a4a6-37bfb913a93e ==============================
[0m12:28:52.342514 [info ] [MainThread]: Running with dbt=1.7.19
[0m12:28:52.344536 [debug] [MainThread]: running dbt with arguments {'printer_width': '80', 'indirect_selection': 'eager', 'write_json': 'True', 'log_cache_events': 'False', 'partial_parse': 'True', 'cache_selected_only': 'False', 'profiles_dir': 'C:\\Users\\user\\.dbt', 'version_check': 'True', 'fail_fast': 'False', 'log_path': 'logs', 'debug': 'False', 'warn_error': 'None', 'use_colors': 'True', 'use_experimental_parser': 'False', 'no_print': 'None', 'quiet': 'False', 'warn_error_options': 'WarnErrorOptions(include=[], exclude=[])', 'static_parser': 'True', 'invocation_command': 'dbt init new_project', 'log_format': 'default', 'target_path': 'None', 'introspect': 'True', 'send_anonymous_usage_stats': 'True'}
[0m12:28:52.347082 [debug] [MainThread]: Starter project path: C:\Users\user\Documents\git_mccann_instruction\git_mccan\venv\Lib\site-packages\dbt\include\starter_project
[0m12:28:52.392338 [info ] [MainThread]: 
Your new dbt project "new_project" was created!

For more information on how to configure the profiles.yml file,
please consult the dbt documentation here:

  https://docs.getdbt.com/docs/configure-your-profile

One more thing:

Need help? Don't hesitate to reach out to us via GitHub issues or on Slack:

  https://community.getdbt.com/

Happy modeling!

[0m12:28:52.394673 [info ] [MainThread]: Setting up your profile.
[0m12:29:09.138944 [error] [MainThread]: Encountered an error:
list index out of range
[0m12:29:09.144495 [error] [MainThread]: Traceback (most recent call last):
  File "C:\Users\user\Documents\git_mccann_instruction\git_mccan\venv\Lib\site-packages\dbt\cli\requires.py", line 91, in wrapper
    result, success = func(*args, **kwargs)
                      ^^^^^^^^^^^^^^^^^^^^^
  File "C:\Users\user\Documents\git_mccann_instruction\git_mccan\venv\Lib\site-packages\dbt\cli\requires.py", line 76, in wrapper
    return func(*args, **kwargs)
           ^^^^^^^^^^^^^^^^^^^^^
  File "C:\Users\user\Documents\git_mccann_instruction\git_mccan\venv\Lib\site-packages\dbt\cli\main.py", line 516, in init
    results = task.run()
              ^^^^^^^^^^
  File "C:\Users\user\Documents\git_mccann_instruction\git_mccan\venv\Lib\site-packages\dbt\task\init.py", line 344, in run
    self.setup_profile(profile_name)
  File "C:\Users\user\Documents\git_mccann_instruction\git_mccan\venv\Lib\site-packages\dbt\task\init.py", line 264, in setup_profile
    self.create_profile_from_target(adapter, profile_name=profile_name)
  File "C:\Users\user\Documents\git_mccann_instruction\git_mccan\venv\Lib\site-packages\dbt\task\init.py", line 181, in create_profile_from_target
    self.create_profile_from_profile_template(profile_template, profile_name)
  File "C:\Users\user\Documents\git_mccann_instruction\git_mccan\venv\Lib\site-packages\dbt\task\init.py", line 165, in create_profile_from_profile_template
    target = self.generate_target_from_input(prompts, initial_target)
             ^^^^^^^^^^^^^^^^^^^^^^^^^^^^^^^^^^^^^^^^^^^^^^^^^^^^^^^^
  File "C:\Users\user\Documents\git_mccann_instruction\git_mccan\venv\Lib\site-packages\dbt\task\init.py", line 116, in generate_target_from_input
    choice = option_list[numeric_choice - 1]
             ~~~~~~~~~~~^^^^^^^^^^^^^^^^^^^^
IndexError: list index out of range

[0m12:29:09.147028 [debug] [MainThread]: Command `dbt init` failed at 12:29:09.147028 after 17.16 seconds
[0m12:29:09.149051 [debug] [MainThread]: Sending event: {'category': 'dbt', 'action': 'invocation', 'label': 'end', 'context': [<snowplow_tracker.self_describing_json.SelfDescribingJson object at 0x0000026105B29040>, <snowplow_tracker.self_describing_json.SelfDescribingJson object at 0x00000261065AA8A0>, <snowplow_tracker.self_describing_json.SelfDescribingJson object at 0x0000026105B7A480>]}
[0m12:29:09.151152 [debug] [MainThread]: Flushing usage events
